[  1%] Building C object test_conformance/test_module/CMakeFiles/test-testmodule-lib.dir/vx_testmodule_lib.c.o
-- Get version information
-- Version: 45722c3
[  1%] Built target generate_version_file
[  2%] Building C object test_engine/CMakeFiles/test_engine.dir/test_image.c.o
[  7%] Building C object test_engine/CMakeFiles/test_engine.dir/test_utils.c.o
[  7%] Building C object test_engine/CMakeFiles/test_engine.dir/test_engine.c.o
[  7%] Building C object test_engine/CMakeFiles/test_engine.dir/test_bmp.c.o
[  7%] Building C object test_engine/CMakeFiles/test_engine.dir/test_mem.c.o
[  8%] Linking C static library ../../lib/libtest-testmodule-lib.a
[  8%] Built target test-testmodule-lib
[  9%] Building C object test_conformance/test_module/CMakeFiles/test-testmodule.dir/vx_testmodule_module.c.o
/home/simon/.openclaw/workspace/openvx-rust/OpenVX-cts/test_conformance/test_module/vx_testmodule_module.c: In function ‘vxPublishKernels’:
/home/simon/.openclaw/workspace/openvx-rust/OpenVX-cts/test_conformance/test_module/vx_testmodule_module.c:227:24: warning: ‘vxAddUserKernel’ reading 256 bytes from a region of size 28 [-Wstringop-overread]
  227 |     vx_kernel kernel = vxAddUserKernel(context,
      |                        ^~~~~~~~~~~~~~~~~~~~~~~~
  228 |                                     "org.khronos.test.testmodule",
      |                                     ~~~~~~~~~~~~~~~~~~~~~~~~~~~~~~
  229 |                                     VX_KERNEL_KHR_TESTMODULE,
      |                                     ~~~~~~~~~~~~~~~~~~~~~~~~~
  230 |                                     TestModuleKernel,
      |                                     ~~~~~~~~~~~~~~~~~
  231 |                                     4,
      |                                     ~~
  232 |                                     TestModuleValidator,
      |                                     ~~~~~~~~~~~~~~~~~~~~
  233 |                                     TestModuleInitialize,
      |                                     ~~~~~~~~~~~~~~~~~~~~~
  234 |                                     TestModuleDeinitialize);
      |                                     ~~~~~~~~~~~~~~~~~~~~~~~
/home/simon/.openclaw/workspace/openvx-rust/OpenVX-cts/test_conformance/test_module/vx_testmodule_module.c:227:24: note: referencing argument 2 of type ‘const vx_char[256]’ {aka ‘const char[256]’}
In file included from /home/simon/.openclaw/workspace/rustVX/include/VX/vx.h:57,
                 from /home/simon/.openclaw/workspace/openvx-rust/OpenVX-cts/test_conformance/test_module/vx_testmodule_module.c:18:
/home/simon/.openclaw/workspace/rustVX/include/VX/vx_api.h:966:36: note: in a call to function ‘vxAddUserKernel’
  966 | VX_API_ENTRY vx_kernel VX_API_CALL vxAddUserKernel(vx_context context,
      |                                    ^~~~~~~~~~~~~~~
[ 10%] Linking C shared library ../../lib/libtest-testmodule.so
[ 10%] Built target test-testmodule
[ 11%] Linking C static library ../lib/libtest_engine.a
[ 11%] Built target test_engine
[ 14%] Building C object test_conformance/CMakeFiles/vx_test_conformance.dir/test_box3x3.c.o
[ 14%] Building C object test_conformance/CMakeFiles/vx_test_conformance.dir/test_binop8u.c.o
[ 15%] Building C object test_conformance/CMakeFiles/vx_test_conformance.dir/test_controlflow.c.o
[ 22%] Building C object test_conformance/CMakeFiles/vx_test_conformance.dir/test_convolution.c.o
[ 22%] Building C object test_conformance/CMakeFiles/vx_test_conformance.dir/test_bilateralfilter.c.o
[ 22%] Building C object test_conformance/CMakeFiles/vx_test_conformance.dir/test_binop16s.c.o
[ 22%] Building C object test_conformance/CMakeFiles/vx_test_conformance.dir/test_addsub.c.o
[ 22%] Building C object test_conformance/CMakeFiles/vx_test_conformance.dir/test_binop1u.c.o
[ 24%] Building C object test_conformance/CMakeFiles/vx_test_conformance.dir/test_copy.c.o
[ 22%] Building C object test_conformance/CMakeFiles/vx_test_conformance.dir/test_array.c.o
[ 24%] Building C object test_conformance/CMakeFiles/vx_test_conformance.dir/test_dilate3x3.c.o
[ 25%] Building C object test_conformance/CMakeFiles/vx_test_conformance.dir/test_canny.c.o
[ 29%] Building C object test_conformance/CMakeFiles/vx_test_conformance.dir/test_convertcolor.c.o
[ 29%] Building C object test_conformance/CMakeFiles/vx_test_conformance.dir/test_channelextract.c.o
[ 29%] Building C object test_conformance/CMakeFiles/vx_test_conformance.dir/test_channelcombine.c.o
[ 30%] Building C object test_conformance/CMakeFiles/vx_test_conformance.dir/test_convertdepth.c.o
[ 31%] Building C object test_conformance/CMakeFiles/vx_test_conformance.dir/test_fast.c.o
[ 34%] Building C object test_conformance/CMakeFiles/vx_test_conformance.dir/test_gaussianpyramid.c.o
[ 34%] Building C object test_conformance/CMakeFiles/vx_test_conformance.dir/test_convolve.c.o
[ 36%] Building C object test_conformance/CMakeFiles/vx_test_conformance.dir/test_erode3x3.c.o
[ 36%] Building C object test_conformance/CMakeFiles/vx_test_conformance.dir/test_distribution.c.o
[ 38%] Building C object test_conformance/CMakeFiles/vx_test_conformance.dir/test_export_import_extension.c.o
[ 38%] Building C object test_conformance/CMakeFiles/vx_test_conformance.dir/test_eqhist.c.o
[ 40%] Building C object test_conformance/CMakeFiles/vx_test_conformance.dir/test_gaussian3x3.c.o
[ 41%] Building C object test_conformance/CMakeFiles/vx_test_conformance.dir/test_graph_callbacks.c.o
[ 43%] Building C object test_conformance/CMakeFiles/vx_test_conformance.dir/test_graph_delay.c.o
[ 43%] Building C object test_conformance/CMakeFiles/vx_test_conformance.dir/test_graph.c.o
[ 44%] Building C object test_conformance/CMakeFiles/vx_test_conformance.dir/test_graph_pipeline.c.o
[ 47%] Building C object test_conformance/CMakeFiles/vx_test_conformance.dir/test_histogram.c.o
[ 47%] Building C object test_conformance/CMakeFiles/vx_test_conformance.dir/test_graph_streaming.c.o
[ 48%] Building C object test_conformance/CMakeFiles/vx_test_conformance.dir/test_integral.c.o
[ 49%] Building C object test_conformance/CMakeFiles/vx_test_conformance.dir/test_houghlinesp.c.o
[ 52%] Building C object test_conformance/CMakeFiles/vx_test_conformance.dir/test_harriscorners.c.o
[ 52%] Building C object test_conformance/CMakeFiles/vx_test_conformance.dir/test_halfscalegaussian.c.o
[ 52%] Building C object test_conformance/CMakeFiles/vx_test_conformance.dir/test_graph_roi.c.o
[ 55%] Building C object test_conformance/CMakeFiles/vx_test_conformance.dir/test_matrix.c.o
[ 55%] Building C object test_conformance/CMakeFiles/vx_test_conformance.dir/test_hog.c.o
[ 58%] Building C object test_conformance/CMakeFiles/vx_test_conformance.dir/test_laplacianpyramid.c.o
[ 58%] Building C object test_conformance/CMakeFiles/vx_test_conformance.dir/test_lbp.c.o
[ 58%] Building C object test_conformance/CMakeFiles/vx_test_conformance.dir/test_meanstddev.c.o
[ 60%] Building C object test_conformance/CMakeFiles/vx_test_conformance.dir/test_lut.c.o
[ 62%] Building C object test_conformance/CMakeFiles/vx_test_conformance.dir/test_logging.c.o
[ 62%] Building C object test_conformance/CMakeFiles/vx_test_conformance.dir/test_main.c.o
[ 64%] Building C object test_conformance/CMakeFiles/vx_test_conformance.dir/test_matchtemplate.c.o
[ 64%] Building C object test_conformance/CMakeFiles/vx_test_conformance.dir/test_magnitude.c.o
[ 65%] Building C object test_conformance/CMakeFiles/vx_test_conformance.dir/test_max.c.o
[ 67%] Building C object test_conformance/CMakeFiles/vx_test_conformance.dir/test_median3x3.c.o
[ 68%] Building C object test_conformance/CMakeFiles/vx_test_conformance.dir/test_min.c.o
[ 69%] Building C object test_conformance/CMakeFiles/vx_test_conformance.dir/test_minmaxloc.c.o
[ 70%] Building C object test_conformance/CMakeFiles/vx_test_conformance.dir/test_nnef_import.c.o
[ 71%] Building C object test_conformance/CMakeFiles/vx_test_conformance.dir/test_nonmaxsuppression.c.o
[ 72%] Building C object test_conformance/CMakeFiles/vx_test_conformance.dir/test_multiply.c.o
[ 74%] Building C object test_conformance/CMakeFiles/vx_test_conformance.dir/test_nonlinearfilter.c.o
[ 75%] Building C object test_conformance/CMakeFiles/vx_test_conformance.dir/test_optflowpyrlk.c.o
[ 76%] Building C object test_conformance/CMakeFiles/vx_test_conformance.dir/test_not.c.o
[ 77%] Building C object test_conformance/CMakeFiles/vx_test_conformance.dir/test_sobel3x3.c.o
[ 78%] Building C object test_conformance/CMakeFiles/vx_test_conformance.dir/test_object_array.c.o
[ 81%] Building C object test_conformance/CMakeFiles/vx_test_conformance.dir/test_scalar.c.o
[ 80%] Building C object test_conformance/CMakeFiles/vx_test_conformance.dir/test_phase.c.o
[ 83%] Building C object test_conformance/CMakeFiles/vx_test_conformance.dir/test_scale.c.o
[ 83%] Building C object test_conformance/CMakeFiles/vx_test_conformance.dir/test_remap.c.o
[ 84%] Building C object test_conformance/CMakeFiles/vx_test_conformance.dir/test_smoke.c.o
[ 85%] Building C object test_conformance/CMakeFiles/vx_test_conformance.dir/test_threshold.c.o
[ 87%] Building C object test_conformance/CMakeFiles/vx_test_conformance.dir/test_target.c.o
[ 88%] Building C object test_conformance/CMakeFiles/vx_test_conformance.dir/test_tensor_networks.c.o
[ 90%] Building C object test_conformance/CMakeFiles/vx_test_conformance.dir/test_tensor_nn.c.o
[ 90%] Building C object test_conformance/CMakeFiles/vx_test_conformance.dir/test_tensor_op.c.o
[ 92%] Building C object test_conformance/CMakeFiles/vx_test_conformance.dir/test_usernode.c.o
[ 91%] Building C object test_conformance/CMakeFiles/vx_test_conformance.dir/test_user_data_object.c.o
[ 94%] Building C object test_conformance/CMakeFiles/vx_test_conformance.dir/test_vximage.c.o
[ 95%] Building C object test_conformance/CMakeFiles/vx_test_conformance.dir/test_warpaffine.c.o
[ 96%] Building C object test_conformance/CMakeFiles/vx_test_conformance.dir/test_vxtensor.c.o
[ 97%] Building C object test_conformance/CMakeFiles/vx_test_conformance.dir/test_warpperspective.c.o
[ 98%] Building C object test_conformance/CMakeFiles/vx_test_conformance.dir/test_weighted_average.c.o
[100%] Linking C executable ../bin/vx_test_conformance
/usr/bin/ld: CMakeFiles/vx_test_conformance.dir/test_graph.c.o: in function `GraphBase_testAllocateUserKernelId_body':
test_graph.c:(.text+0x112): undefined reference to `vxAllocateUserKernelId'
/usr/bin/ld: test_graph.c:(.text+0x18e): undefined reference to `vxAllocateUserKernelId'
/usr/bin/ld: test_graph.c:(.text+0x19d): undefined reference to `vxAllocateUserKernelId'
/usr/bin/ld: CMakeFiles/vx_test_conformance.dir/test_graph.c.o: in function `GraphBase_testAllocateUserKernelLibraryId_body':
test_graph.c:(.text+0x2b2): undefined reference to `vxAllocateUserKernelLibraryId'
/usr/bin/ld: test_graph.c:(.text+0x32e): undefined reference to `vxAllocateUserKernelLibraryId'
/usr/bin/ld: test_graph.c:(.text+0x33d): undefined reference to `vxAllocateUserKernelLibraryId'
/usr/bin/ld: CMakeFiles/vx_test_conformance.dir/test_graph.c.o: in function `GraphBase_testRegisterUserStructWithName_body':
test_graph.c:(.text+0x43d): undefined reference to `vxRegisterUserStructWithName'
/usr/bin/ld: test_graph.c:(.text+0x452): undefined reference to `vxRegisterUserStructWithName'
/usr/bin/ld: test_graph.c:(.text+0x468): undefined reference to `vxRegisterUserStructWithName'
/usr/bin/ld: CMakeFiles/vx_test_conformance.dir/test_graph.c.o: in function `GraphBase_testGetUserStructNameByEnum_body':
test_graph.c:(.text+0x586): undefined reference to `vxRegisterUserStructWithName'
/usr/bin/ld: test_graph.c:(.text+0x599): undefined reference to `vxGetUserStructNameByEnum'
/usr/bin/ld: test_graph.c:(.text+0x621): undefined reference to `vxGetUserStructNameByEnum'
/usr/bin/ld: test_graph.c:(.text+0x63b): undefined reference to `vxGetUserStructNameByEnum'
/usr/bin/ld: test_graph.c:(.text+0x65b): undefined reference to `vxGetUserStructNameByEnum'
/usr/bin/ld: CMakeFiles/vx_test_conformance.dir/test_graph.c.o: in function `GraphBase_testGetUserStructEnumByName_body':
test_graph.c:(.text+0x792): undefined reference to `vxRegisterUserStructWithName'
/usr/bin/ld: test_graph.c:(.text+0x7a2): undefined reference to `vxGetUserStructEnumByName'
/usr/bin/ld: test_graph.c:(.text+0x824): undefined reference to `vxGetUserStructEnumByName'
/usr/bin/ld: CMakeFiles/vx_test_conformance.dir/test_graph.c.o: in function `GraphBase_testvxIsGraphVerifiedBase_body':
test_graph.c:(.text+0xae3): undefined reference to `vxIsGraphVerified'
/usr/bin/ld: test_graph.c:(.text+0xb02): undefined reference to `vxIsGraphVerified'
/usr/bin/ld: test_graph.c:(.text+0xb12): undefined reference to `vxVerifyGraph'
/usr/bin/ld: test_graph.c:(.text+0xb23): undefined reference to `vxIsGraphVerified'
/usr/bin/ld: test_graph.c:(.text+0xbf1): undefined reference to `vxIsGraphVerified'
/usr/bin/ld: CMakeFiles/vx_test_conformance.dir/test_graph.c.o: in function `GraphBase_testvxVerifyGraphBase_body':
test_graph.c:(.text+0xc71): undefined reference to `vxVerifyGraph'
/usr/bin/ld: CMakeFiles/vx_test_conformance.dir/test_graph.c.o: in function `GraphBase_testvxProcessGraphBase_body':
test_graph.c:(.text+0xd63): undefined reference to `vxProcessGraph'
/usr/bin/ld: test_graph.c:(.text+0xdd0): undefined reference to `vxProcessGraph'
/usr/bin/ld: CMakeFiles/vx_test_conformance.dir/test_graph.c.o: in function `GraphBase_testvxQueryGraph_body':
test_graph.c:(.text+0xece): undefined reference to `vxQueryGraph'
/usr/bin/ld: test_graph.c:(.text+0xf4a): undefined reference to `vxQueryGraph'
/usr/bin/ld: test_graph.c:(.text+0xf68): undefined reference to `vxQueryGraph'
/usr/bin/ld: test_graph.c:(.text+0xf7f): undefined reference to `vxQueryGraph'
/usr/bin/ld: test_graph.c:(.text+0x1032): undefined reference to `vxQueryGraph'
/usr/bin/ld: CMakeFiles/vx_test_conformance.dir/test_graph.c.o:test_graph.c:(.text+0x104d): more undefined references to `vxQueryGraph' follow
/usr/bin/ld: CMakeFiles/vx_test_conformance.dir/test_graph.c.o: in function `GraphBase_testvxWaitGraphBase_body':
test_graph.c:(.text+0x1233): undefined reference to `vxWaitGraph'
/usr/bin/ld: test_graph.c:(.text+0x12a0): undefined reference to `vxWaitGraph'
/usr/bin/ld: CMakeFiles/vx_test_conformance.dir/test_graph.c.o: in function `GraphBase_testvxScheduleGraph_body':
test_graph.c:(.text+0x1357): undefined reference to `vxScheduleGraph'
/usr/bin/ld: test_graph.c:(.text+0x13c8): undefined reference to `vxScheduleGraph'
/usr/bin/ld: CMakeFiles/vx_test_conformance.dir/test_graph.c.o: in function `GraphBase_testvxReplicateNodeBase_body':
test_graph.c:(.text+0x1905): undefined reference to `vxReplicateNode'
/usr/bin/ld: test_graph.c:(.text+0x19b1): undefined reference to `vxReplicateNode'
/usr/bin/ld: CMakeFiles/vx_test_conformance.dir/test_logging.c.o: in function `Logging_Cummulative_body':
test_logging.c:(.text+0xfa): undefined reference to `vxRegisterLogCallback'
/usr/bin/ld: test_logging.c:(.text+0x128): undefined reference to `vxAddLogEntry'
/usr/bin/ld: test_logging.c:(.text+0x147): undefined reference to `vxRegisterLogCallback'
/usr/bin/ld: test_logging.c:(.text+0x175): undefined reference to `vxAddLogEntry'
/usr/bin/ld: test_logging.c:(.text+0x19f): undefined reference to `vxRegisterLogCallback'
/usr/bin/ld: test_logging.c:(.text+0x1ad): undefined reference to `vxDirective'
/usr/bin/ld: test_logging.c:(.text+0x1e3): undefined reference to `vxAddLogEntry'
/usr/bin/ld: test_logging.c:(.text+0x20b): undefined reference to `vxDirective'
/usr/bin/ld: test_logging.c:(.text+0x240): undefined reference to `vxAddLogEntry'
/usr/bin/ld: CMakeFiles/vx_test_conformance.dir/test_smoke.c.o: in function `SmokeTestBase_test_vxQueryReference_body':
test_smoke.c:(.text+0xb4): undefined reference to `vxQueryReference'
/usr/bin/ld: test_smoke.c:(.text+0x12e): undefined reference to `vxQueryReference'
/usr/bin/ld: test_smoke.c:(.text+0x14d): undefined reference to `vxQueryReference'
/usr/bin/ld: test_smoke.c:(.text+0x16b): undefined reference to `vxQueryReference'
/usr/bin/ld: test_smoke.c:(.text+0x1eb): undefined reference to `vxQueryReference'
/usr/bin/ld: CMakeFiles/vx_test_conformance.dir/test_smoke.c.o:test_smoke.c:(.text+0x440): more undefined references to `vxQueryReference' follow
/usr/bin/ld: CMakeFiles/vx_test_conformance.dir/test_smoke.c.o: in function `SmokeTestBase_test_vxReleaseReferenceBase_body':
test_smoke.c:(.text+0x4a0): undefined reference to `vxReleaseReference'
/usr/bin/ld: test_smoke.c:(.text+0x4ca): undefined reference to `vxQueryReference'
/usr/bin/ld: test_smoke.c:(.text+0x548): undefined reference to `vxQueryReference'
/usr/bin/ld: test_smoke.c:(.text+0x580): undefined reference to `vxQueryReference'
/usr/bin/ld: test_smoke.c:(.text+0x7b4): undefined reference to `vxReleaseReference'
/usr/bin/ld: test_smoke.c:(.text+0x7e0): undefined reference to `vxQueryReference'
/usr/bin/ld: test_smoke.c:(.text+0x86c): undefined reference to `vxQueryReference'
/usr/bin/ld: test_smoke.c:(.text+0x8a6): undefined reference to `vxQueryReference'
/usr/bin/ld: test_smoke.c:(.text+0xa0f): undefined reference to `vxReleaseReference'
/usr/bin/ld: test_smoke.c:(.text+0xa3d): undefined reference to `vxQueryReference'
/usr/bin/ld: test_smoke.c:(.text+0xae8): undefined reference to `vxQueryReference'
/usr/bin/ld: test_smoke.c:(.text+0xb1f): undefined reference to `vxQueryReference'
/usr/bin/ld: test_smoke.c:(.text+0xbf8): undefined reference to `vxReleaseReference'
/usr/bin/ld: test_smoke.c:(.text+0xc24): undefined reference to `vxQueryReference'
/usr/bin/ld: test_smoke.c:(.text+0xd1c): undefined reference to `vxQueryReference'
/usr/bin/ld: test_smoke.c:(.text+0xd55): undefined reference to `vxQueryReference'
/usr/bin/ld: test_smoke.c:(.text+0xdb9): undefined reference to `vxReleaseReference'
/usr/bin/ld: test_smoke.c:(.text+0xde7): undefined reference to `vxQueryReference'
/usr/bin/ld: CMakeFiles/vx_test_conformance.dir/test_smoke.c.o: in function `SmokeTestBase_test_vxRetainReferenceBase_body':
test_smoke.c:(.text+0x11b5): undefined reference to `vxQueryContext'
/usr/bin/ld: test_smoke.c:(.text+0x1233): undefined reference to `vxQueryContext'
/usr/bin/ld: test_smoke.c:(.text+0x1271): undefined reference to `vxQueryReference'
/usr/bin/ld: test_smoke.c:(.text+0x1397): undefined reference to `vxQueryReference'
/usr/bin/ld: test_smoke.c:(.text+0x143e): undefined reference to `vxReleaseReference'
/usr/bin/ld: test_smoke.c:(.text+0x14cf): undefined reference to `vxQueryReference'
/usr/bin/ld: test_smoke.c:(.text+0x1541): undefined reference to `vxQueryContext'
/usr/bin/ld: test_smoke.c:(.text+0x15af): undefined reference to `vxReleaseReference'
/usr/bin/ld: test_smoke.c:(.text+0x1626): undefined reference to `vxQueryContext'
/usr/bin/ld: CMakeFiles/vx_test_conformance.dir/test_smoke.c.o: in function `SmokeTestBase_test_vxUnloadKernels_body':
test_smoke.c:(.text+0x16ef): undefined reference to `vxQueryContext'
/usr/bin/ld: test_smoke.c:(.text+0x170e): undefined reference to `vxQueryContext'
/usr/bin/ld: test_smoke.c:(.text+0x17e4): undefined reference to `vxQueryContext'
/usr/bin/ld: test_smoke.c:(.text+0x1809): undefined reference to `vxQueryContext'
/usr/bin/ld: CMakeFiles/vx_test_conformance.dir/test_smoke.c.o:test_smoke.c:(.text+0x188f): more undefined references to `vxQueryContext' follow
/usr/bin/ld: CMakeFiles/vx_test_conformance.dir/test_smoke.c.o: in function `SmokeTestBase_test_vxSetReferenceName_body':
test_smoke.c:(.text+0x1c9d): undefined reference to `vxSetReferenceName'
/usr/bin/ld: test_smoke.c:(.text+0x1cba): undefined reference to `vxQueryReference'
/usr/bin/ld: CMakeFiles/vx_test_conformance.dir/test_target.c.o: in function `TargetBase_testvxQueryContext_body':
test_target.c:(.text+0xf9): undefined reference to `vxQueryContext'
/usr/bin/ld: test_target.c:(.text+0x16b): undefined reference to `vxQueryContext'
/usr/bin/ld: test_target.c:(.text+0x189): undefined reference to `vxQueryContext'
/usr/bin/ld: test_target.c:(.text+0x1a8): undefined reference to `vxQueryContext'
/usr/bin/ld: test_target.c:(.text+0x1c6): undefined reference to `vxQueryContext'
/usr/bin/ld: CMakeFiles/vx_test_conformance.dir/test_target.c.o:test_target.c:(.text+0x261): more undefined references to `vxQueryContext' follow
/usr/bin/ld: CMakeFiles/vx_test_conformance.dir/test_target.c.o: in function `TargetBase_testvxReleaseContext_body':
test_target.c:(.text+0x932): undefined reference to `vxSetContextAttribute'
/usr/bin/ld: CMakeFiles/vx_test_conformance.dir/test_target.c.o: in function `TargetBase_testvxSetContextAttribute_body':
test_target.c:(.text+0x9b9): undefined reference to `vxSetContextAttribute'
/usr/bin/ld: test_target.c:(.text+0xa28): undefined reference to `vxSetContextAttribute'
/usr/bin/ld: test_target.c:(.text+0xa48): undefined reference to `vxSetContextAttribute'
/usr/bin/ld: test_target.c:(.text+0xa7c): undefined reference to `vxSetContextAttribute'
/usr/bin/ld: CMakeFiles/vx_test_conformance.dir/test_target.c.o:test_target.c:(.text+0xb28): more undefined references to `vxSetContextAttribute' follow
/usr/bin/ld: CMakeFiles/vx_test_conformance.dir/test_target.c.o: in function `TargetBase_testvxSetNodeTargetBase_body':
test_target.c:(.text+0xb77): undefined reference to `vxSetNodeTarget'
/usr/bin/ld: ../lib/libtest_engine.a(test_utils.c.o): in function `ct_teardown_vx_context':
test_utils.c:(.text+0x2a3): undefined reference to `vxQueryContext'
/usr/bin/ld: test_utils.c:(.text+0x2c2): undefined reference to `vxQueryContext'
/usr/bin/ld: test_utils.c:(.text+0x2e1): undefined reference to `vxQueryContext'
/usr/bin/ld: ../lib/libtest_engine.a(test_utils.c.o): in function `ct_assert_reference_impl':
test_utils.c:(.text+0x7ec): undefined reference to `vxQueryReference'
/usr/bin/ld: ../lib/libtest_engine.a(test_utils.c.o): in function `ct_fill_image_random_impl':
test_utils.c:(.text+0xdaf): undefined reference to `vxFormatImagePatchAddress2d'
/usr/bin/ld: test_utils.c:(.text+0xe87): undefined reference to `vxFormatImagePatchAddress2d'
/usr/bin/ld: test_utils.c:(.text+0xf6f): undefined reference to `vxFormatImagePatchAddress2d'
/usr/bin/ld: test_utils.c:(.text+0x1007): undefined reference to `vxFormatImagePatchAddress2d'
/usr/bin/ld: test_utils.c:(.text+0x110f): undefined reference to `vxFormatImagePatchAddress2d'
/usr/bin/ld: ../lib/libtest_engine.a(test_utils.c.o):test_utils.c:(.text+0x11d7): more undefined references to `vxFormatImagePatchAddress2d' follow
/usr/bin/ld: ../lib/libtest_engine.a(test_utils.c.o): in function `ct_create_global_vx_context':
test_utils.c:(.text+0x23a4): undefined reference to `vxRegisterLogCallback'
/usr/bin/ld: ../lib/libtest_engine.a(test_utils.c.o): in function `ct_setup_vx_context':
test_utils.c:(.text+0x2492): undefined reference to `vxQueryContext'
/usr/bin/ld: test_utils.c:(.text+0x24ac): undefined reference to `vxQueryContext'
/usr/bin/ld: test_utils.c:(.text+0x24ca): undefined reference to `vxQueryContext'
/usr/bin/ld: test_utils.c:(.text+0x260c): undefined reference to `vxRegisterLogCallback'
/usr/bin/ld: ../lib/libtest_engine.a(test_utils.c.o): in function `ct_scalar_as_int':
test_utils.c:(.text+0x2d2b): undefined reference to `vxCopyScalar'
/usr/bin/ld: ../lib/libtest_engine.a(test_utils.c.o): in function `ct_read_array':
test_utils.c:(.text+0x2fe4): undefined reference to `vxQueryArray'
/usr/bin/ld: test_utils.c:(.text+0x2ffb): undefined reference to `vxQueryArray'
/usr/bin/ld: test_utils.c:(.text+0x3012): undefined reference to `vxQueryArray'
/usr/bin/ld: test_utils.c:(.text+0x3029): undefined reference to `vxQueryArray'
/usr/bin/ld: test_utils.c:(.text+0x30b3): undefined reference to `vxMapArrayRange'
/usr/bin/ld: test_utils.c:(.text+0x3117): undefined reference to `vxUnmapArrayRange'
/usr/bin/ld: test_utils.c:(.text+0x319a): undefined reference to `vxUnmapArrayRange'
/usr/bin/ld: ../lib/libtest_engine.a(test_utils.c.o): in function `ct_log_rng':
test_utils.c:(.text+0x2c60): undefined reference to `expf'
collect2: error: ld returned 1 exit status
make[2]: *** [test_conformance/CMakeFiles/vx_test_conformance.dir/build.make:1267: bin/vx_test_conformance] Error 1
make[1]: *** [CMakeFiles/Makefile2:221: test_conformance/CMakeFiles/vx_test_conformance.dir/all] Error 2
make: *** [Makefile:136: all] Error 2
